<?xml version="1.0" encoding="UTF-8" ?>
<testsuite tests="15" failures="1" name="suites.TestSuite" time="690.809" errors="0" skipped="0">
  <properties>
[...]
</properties>
  <testcase classname="tests.ArticleTests" name="testCompareArticleTitle" time="42.377"/>
  <testcase classname="tests.ArticleTests" name="testSwipeArticle" time="31.944"/>
  <testcase classname="tests.ArticleTests" name="testAssertTitleWithoutWaiting" time="23.202">
    <failure message="Cannot find article title without waiting" type="java.lang.AssertionError">java.lang.AssertionError: Cannot find article title without waiting
	at org.junit.Assert.fail(Assert.java:88)
	at org.junit.Assert.assertTrue(Assert.java:41)
	at org.junit.Assert.assertFalse(Assert.java:64)
	at lib.ui.MainPageObject.assertElementPresent(MainPageObject.java:207)
	at lib.ui.ArticlePageObject.assertThereIsArticleTitle(ArticlePageObject.java:110)
	at tests.ArticleTests.testAssertTitleWithoutWaiting(ArticleTests.java:62)
	at sun.reflect.NativeMethodAccessorImpl.invoke0(Native Method)
	at sun.reflect.NativeMethodAccessorImpl.invoke(NativeMethodAccessorImpl.java:62)
	at sun.reflect.DelegatingMethodAccessorImpl.invoke(DelegatingMethodAccessorImpl.java:43)
	at java.lang.reflect.Method.invoke(Method.java:498)
	at junit.framework.TestCase.runTest(TestCase.java:176)
	at junit.framework.TestCase.runBare(TestCase.java:141)
	at junit.framework.TestResult$1.protect(TestResult.java:122)
	at junit.framework.TestResult.runProtected(TestResult.java:142)
	at junit.framework.TestResult.run(TestResult.java:125)
	at junit.framework.TestCase.run(TestCase.java:129)
	at junit.framework.TestSuite.runTest(TestSuite.java:252)
	at junit.framework.TestSuite.run(TestSuite.java:247)
	at org.junit.internal.runners.JUnit38ClassRunner.run(JUnit38ClassRunner.java:86)
	at org.junit.runners.Suite.runChild(Suite.java:128)
	at org.junit.runners.Suite.runChild(Suite.java:27)
	at org.junit.runners.ParentRunner$3.run(ParentRunner.java:290)
	at org.junit.runners.ParentRunner$1.schedule(ParentRunner.java:71)
	at org.junit.runners.ParentRunner.runChildren(ParentRunner.java:288)
	at org.junit.runners.ParentRunner.access$000(ParentRunner.java:58)
	at org.junit.runners.ParentRunner$2.evaluate(ParentRunner.java:268)
	at org.junit.runners.ParentRunner.run(ParentRunner.java:363)
	at org.apache.maven.surefire.junit4.JUnit4Provider.execute(JUnit4Provider.java:252)
	at org.apache.maven.surefire.junit4.JUnit4Provider.executeTestSet(JUnit4Provider.java:141)
	at org.apache.maven.surefire.junit4.JUnit4Provider.invoke(JUnit4Provider.java:112)
	at sun.reflect.NativeMethodAccessorImpl.invoke0(Native Method)
	at sun.reflect.NativeMethodAccessorImpl.invoke(NativeMethodAccessorImpl.java:62)
	at sun.reflect.DelegatingMethodAccessorImpl.invoke(DelegatingMethodAccessorImpl.java:43)
	at java.lang.reflect.Method.invoke(Method.java:498)
	at org.apache.maven.surefire.util.ReflectionUtils.invokeMethodWithArray(ReflectionUtils.java:189)
	at org.apache.maven.surefire.booter.ProviderFactory$ProviderProxy.invoke(ProviderFactory.java:165)
	at org.apache.maven.surefire.booter.ProviderFactory.invokeProvider(ProviderFactory.java:85)
	at org.apache.maven.surefire.booter.ForkedBooter.runSuitesInProcess(ForkedBooter.java:115)
	at org.apache.maven.surefire.booter.ForkedBooter.main(ForkedBooter.java:75)
</failure>
    <system-err>янв 24, 2021 4:22:54 PM io.appium.java_client.remote.AppiumCommandExecutor$1 lambda$0
INFO: Detected dialect: W3C
</system-err>
  </testcase>
  <testcase classname="tests.ChangeAppConditionTests" name="testChangeScreenOrientationSearchResult" time="79.179"/>
  <testcase classname="tests.ChangeAppConditionTests" name="testCheckSearchArticleInBackground" time="25.819"/>
  <testcase classname="tests.MyListsTests" name="testSafeFirstArticleToMyList" time="112.962"/>
  <testcase classname="tests.MyListsTests" name="testSaving2Articles" time="217.794"/>
  <testcase classname="tests.SearchTests" name="testAmountOfNotEmptySearch" time="21.285"/>
  <testcase classname="tests.SearchTests" name="testAmountOfEmptySearch" time="18.993"/>
  <testcase classname="tests.SearchTests" name="testCancelSearchResult" time="24.003"/>
  <testcase classname="tests.SearchTests" name="testCorrectSearchResults" time="12.501"/>
  <testcase classname="tests.SearchTests" name="testCancelSearch" time="21.884"/>
  <testcase classname="tests.SearchTests" name="testCompareSearchLineText" time="17.103"/>
  <testcase classname="tests.SearchTests" name="testSearchResultByTitleAndDescription" time="22.064"/>
  <testcase classname="tests.SearchTests" name="testSearch" time="19.699"/>
</testsuite>